<?xml version="1.0" encoding="UTF-8"?>
<!-- Generated by org.testng.reporters.JUnitXMLReporter -->
<testsuite ignored="0" hostname="LTIN588457" failures="0" tests="5" name="Default test" time="59.574" errors="0" timestamp="2025-06-25T11:47:38 IST">
  <testcase classname="miniproject.tests.OrangeHRMTest" name="loginTest" time="3.315"/>
  <testcase classname="miniproject.tests.OrangeHRMTest" name="navigateToJobTitlesTest" time="3.938"/>
  <testcase classname="miniproject.tests.OrangeHRMTest" name="printinglisttocsv" time="0.956"/>
  <testcase classname="miniproject.tests.OrangeHRMTest" name="addJobTitleTest" time="31.517"/>
  <testcase classname="miniproject.tests.OrangeHRMTest" name="logoutTest" time="5.453"/>
</testsuite> <!-- Default test -->
