<?xml version="1.0" encoding="UTF-8"?>
<!-- Generated by org.testng.reporters.JUnitXMLReporter -->
<testsuite ignored="0" hostname="LTIN588457" failures="0" tests="5" name="OrangeHRM Tests20" time="11.742" errors="0" timestamp="2025-07-03T16:03:33 IST">
  <testcase classname="miniproject.tests.OrangeHRMTest" name="loginTest" time="0.0">
    <skipped/>
  </testcase> <!-- loginTest -->
  <testcase classname="miniproject.tests.OrangeHRMTest" name="navigateToJobTitlesTest" time="0.0">
    <skipped/>
  </testcase> <!-- navigateToJobTitlesTest -->
  <testcase classname="miniproject.tests.OrangeHRMTest" name="printinglisttocsv" time="0.0">
    <skipped/>
  </testcase> <!-- printinglisttocsv -->
  <testcase classname="miniproject.tests.OrangeHRMTest" name="addJobTitleTest" time="0.0">
    <skipped/>
  </testcase> <!-- addJobTitleTest -->
  <testcase classname="miniproject.tests.OrangeHRMTest" name="logoutTest" time="0.0">
    <skipped/>
  </testcase> <!-- logoutTest -->
</testsuite> <!-- OrangeHRM Tests20 -->
