<?xml version="1.0" encoding="UTF-8"?>
<!-- Generated by org.testng.reporters.JUnitXMLReporter -->
<testsuite ignored="0" hostname="LTIN588457" failures="0" tests="5" name="OrangeHRM Tests5" time="34.629" errors="0" timestamp="2025-07-03T16:02:18 IST">
  <testcase classname="miniproject.tests.OrangeHRMTest" name="loginTest" time="4.468"/>
  <testcase classname="miniproject.tests.OrangeHRMTest" name="navigateToJobTitlesTest" time="4.128"/>
  <testcase classname="miniproject.tests.OrangeHRMTest" name="printinglisttocsv" time="1.259"/>
  <testcase classname="miniproject.tests.OrangeHRMTest" name="addJobTitleTest" time="2.422"/>
  <testcase classname="miniproject.tests.OrangeHRMTest" name="logoutTest" time="5.101"/>
</testsuite> <!-- OrangeHRM Tests5 -->
