<?xml version="1.0" encoding="UTF-8"?>
<!-- Generated by org.testng.reporters.JUnitXMLReporter -->
<testsuite ignored="0" hostname="LTIN588457" failures="0" tests="5" name="OrangeHRM Tests7" time="31.379" errors="0" timestamp="2025-07-03T16:02:49 IST">
  <testcase classname="miniproject.tests.OrangeHRMTest" name="loginTest" time="3.135"/>
  <testcase classname="miniproject.tests.OrangeHRMTest" name="navigateToJobTitlesTest" time="3.146"/>
  <testcase classname="miniproject.tests.OrangeHRMTest" name="printinglisttocsv" time="1.223"/>
  <testcase classname="miniproject.tests.OrangeHRMTest" name="addJobTitleTest" time="2.532"/>
  <testcase classname="miniproject.tests.OrangeHRMTest" name="logoutTest" time="4.936"/>
</testsuite> <!-- OrangeHRM Tests7 -->
