<?xml version="1.0" encoding="UTF-8"?>
<!-- Generated by org.testng.reporters.JUnitXMLReporter -->
<testsuite ignored="0" hostname="LTIN588457" failures="0" tests="5" name="OrangeHRM Tests8" time="31.036" errors="0" timestamp="2025-07-03T16:02:50 IST">
  <testcase classname="miniproject.tests.OrangeHRMTest" name="loginTest" time="2.989"/>
  <testcase classname="miniproject.tests.OrangeHRMTest" name="navigateToJobTitlesTest" time="3.315"/>
  <testcase classname="miniproject.tests.OrangeHRMTest" name="printinglisttocsv" time="1.084"/>
  <testcase classname="miniproject.tests.OrangeHRMTest" name="addJobTitleTest" time="2.345"/>
  <testcase classname="miniproject.tests.OrangeHRMTest" name="logoutTest" time="5.142"/>
</testsuite> <!-- OrangeHRM Tests8 -->
