<?xml version="1.0" encoding="UTF-8"?>
<!-- Generated by org.testng.reporters.JUnitXMLReporter -->
<testsuite ignored="0" hostname="LTIN588457" failures="0" tests="5" name="OrangeHRM Tests" time="47.054" errors="0" timestamp="2025-07-03T16:02:29 IST">
  <testcase classname="miniproject.tests.OrangeHRMTest" name="loginTest" time="3.871"/>
  <testcase classname="miniproject.tests.OrangeHRMTest" name="navigateToJobTitlesTest" time="5.22"/>
  <testcase classname="miniproject.tests.OrangeHRMTest" name="printinglisttocsv" time="3.018"/>
  <testcase classname="miniproject.tests.OrangeHRMTest" name="addJobTitleTest" time="6.671"/>
  <testcase classname="miniproject.tests.OrangeHRMTest" name="logoutTest" time="4.891"/>
</testsuite> <!-- OrangeHRM Tests -->
